<?xml version="1.0"?>
<!DOCTYPE coverage SYSTEM "http://cobertura.sourceforge.net/xml/coverage-04.dtd">

<coverage line-rate="0.9318181818181818" branch-rate="0.7348484848484849" lines-covered="246" lines-valid="264" branches-covered="97" branches-valid="132" complexity="3.16" version="1.9.4.1" timestamp="1339766337873">
	<sources>
		<source>--source</source>
		<source>/usr/local/src/xss-http-filter.finn-no/src/main/java</source>
	</sources>
	<packages>
		<package name="net.sf.xsshtmlfilter" line-rate="0.9318181818181818" branch-rate="0.7348484848484849" complexity="3.16">
			<classes>
				<class name="net.sf.xsshtmlfilter.HTMLFilter" filename="net/sf/xsshtmlfilter/HTMLFilter.java" line-rate="0.9318181818181818" branch-rate="0.7348484848484849" complexity="3.16">
					<methods>
						<method name="&lt;clinit&gt;" signature="()V" line-rate="1.0" branch-rate="1.0">
							<lines>
								<line number="47" hits="2" branch="false"/>
								<line number="51" hits="2" branch="false"/>
								<line number="52" hits="2" branch="false"/>
								<line number="53" hits="2" branch="false"/>
								<line number="54" hits="2" branch="false"/>
								<line number="55" hits="2" branch="false"/>
								<line number="56" hits="2" branch="false"/>
								<line number="57" hits="2" branch="false"/>
								<line number="58" hits="2" branch="false"/>
								<line number="59" hits="2" branch="false"/>
								<line number="60" hits="2" branch="false"/>
								<line number="61" hits="2" branch="false"/>
								<line number="62" hits="2" branch="false"/>
								<line number="63" hits="2" branch="false"/>
								<line number="64" hits="2" branch="false"/>
								<line number="65" hits="2" branch="false"/>
								<line number="66" hits="2" branch="false"/>
								<line number="67" hits="2" branch="false"/>
								<line number="68" hits="2" branch="false"/>
								<line number="69" hits="2" branch="false"/>
								<line number="70" hits="2" branch="false"/>
								<line number="71" hits="2" branch="false"/>
								<line number="72" hits="2" branch="false"/>
								<line number="73" hits="2" branch="false"/>
								<line number="76" hits="2" branch="false"/>
								<line number="77" hits="2" branch="false"/>
							</lines>
						</method>
						<method name="&lt;init&gt;" signature="()V" line-rate="1.0" branch-rate="1.0">
							<lines>
								<line number="112" hits="24" branch="false"/>
								<line number="113" hits="24" branch="false"/>
								<line number="115" hits="24" branch="false"/>
								<line number="116" hits="24" branch="false"/>
								<line number="117" hits="24" branch="false"/>
								<line number="118" hits="24" branch="false"/>
								<line number="120" hits="24" branch="false"/>
								<line number="121" hits="24" branch="false"/>
								<line number="122" hits="24" branch="false"/>
								<line number="123" hits="24" branch="false"/>
								<line number="124" hits="24" branch="false"/>
								<line number="125" hits="24" branch="false"/>
								<line number="127" hits="24" branch="false"/>
								<line number="128" hits="24" branch="false"/>
								<line number="129" hits="24" branch="false"/>
								<line number="130" hits="24" branch="false"/>
								<line number="131" hits="24" branch="false"/>
								<line number="133" hits="24" branch="false"/>
								<line number="134" hits="24" branch="false"/>
								<line number="135" hits="24" branch="false"/>
								<line number="136" hits="24" branch="false"/>
								<line number="137" hits="24" branch="false"/>
								<line number="138" hits="24" branch="false"/>
								<line number="139" hits="24" branch="false"/>
								<line number="140" hits="24" branch="false"/>
								<line number="141" hits="24" branch="false"/>
								<line number="142" hits="24" branch="false"/>
								<line number="143" hits="24" branch="false"/>
							</lines>
						</method>
						<method name="&lt;init&gt;" signature="(Ljava/util/Map;)V" line-rate="1.0" branch-rate="0.5">
							<lines>
								<line number="82" hits="26" branch="false"/>
								<line number="101" hits="26" branch="false"/>
								<line number="159" hits="2" branch="false"/>
								<line number="161" hits="2" branch="true" condition-coverage="50% (2/4)">
									<conditions>
										<condition number="0" type="jump" coverage="50%"/>
										<condition number="1" type="jump" coverage="50%"/>
									</conditions>
								</line>
								<line number="162" hits="2" branch="true" condition-coverage="50% (2/4)">
									<conditions>
										<condition number="0" type="jump" coverage="50%"/>
										<condition number="1" type="jump" coverage="50%"/>
									</conditions>
								</line>
								<line number="163" hits="2" branch="true" condition-coverage="50% (2/4)">
									<conditions>
										<condition number="0" type="jump" coverage="50%"/>
										<condition number="1" type="jump" coverage="50%"/>
									</conditions>
								</line>
								<line number="164" hits="2" branch="true" condition-coverage="50% (2/4)">
									<conditions>
										<condition number="0" type="jump" coverage="50%"/>
										<condition number="1" type="jump" coverage="50%"/>
									</conditions>
								</line>
								<line number="165" hits="2" branch="true" condition-coverage="50% (2/4)">
									<conditions>
										<condition number="0" type="jump" coverage="50%"/>
										<condition number="1" type="jump" coverage="50%"/>
									</conditions>
								</line>
								<line number="166" hits="2" branch="true" condition-coverage="50% (2/4)">
									<conditions>
										<condition number="0" type="jump" coverage="50%"/>
										<condition number="1" type="jump" coverage="50%"/>
									</conditions>
								</line>
								<line number="167" hits="2" branch="true" condition-coverage="50% (2/4)">
									<conditions>
										<condition number="0" type="jump" coverage="50%"/>
										<condition number="1" type="jump" coverage="50%"/>
									</conditions>
								</line>
								<line number="168" hits="2" branch="true" condition-coverage="50% (2/4)">
									<conditions>
										<condition number="0" type="jump" coverage="50%"/>
										<condition number="1" type="jump" coverage="50%"/>
									</conditions>
								</line>
								<line number="170" hits="2" branch="false"/>
								<line number="171" hits="2" branch="false"/>
								<line number="172" hits="2" branch="false"/>
								<line number="173" hits="2" branch="false"/>
								<line number="174" hits="2" branch="false"/>
								<line number="175" hits="2" branch="false"/>
								<line number="176" hits="2" branch="false"/>
								<line number="177" hits="2" branch="false"/>
								<line number="178" hits="2" branch="true" condition-coverage="50% (1/2)">
									<conditions>
										<condition number="0" type="jump" coverage="50%"/>
									</conditions>
								</line>
								<line number="179" hits="2" branch="true" condition-coverage="50% (1/2)">
									<conditions>
										<condition number="0" type="jump" coverage="50%"/>
									</conditions>
								</line>
								<line number="180" hits="2" branch="true" condition-coverage="50% (1/2)">
									<conditions>
										<condition number="0" type="jump" coverage="50%"/>
									</conditions>
								</line>
								<line number="181" hits="2" branch="false"/>
							</lines>
						</method>
						<method name="&lt;init&gt;" signature="(Z)V" line-rate="1.0" branch-rate="1.0">
							<lines>
								<line number="150" hits="24" branch="false"/>
								<line number="151" hits="24" branch="false"/>
								<line number="153" hits="24" branch="false"/>
							</lines>
						</method>
						<method name="allowed" signature="(Ljava/lang/String;)Z" line-rate="1.0" branch-rate="0.6666666666666666">
							<lines>
								<line number="528" hits="174" branch="true" condition-coverage="66% (4/6)">
									<conditions>
										<condition number="0" type="jump" coverage="50%"/>
										<condition number="1" type="jump" coverage="100%"/>
										<condition number="2" type="jump" coverage="50%"/>
									</conditions>
								</line>
							</lines>
						</method>
						<method name="allowedAttribute" signature="(Ljava/lang/String;Ljava/lang/String;)Z" line-rate="1.0" branch-rate="0.6666666666666666">
							<lines>
								<line number="532" hits="34" branch="true" condition-coverage="66% (4/6)">
									<conditions>
										<condition number="0" type="jump" coverage="50%"/>
										<condition number="1" type="jump" coverage="50%"/>
										<condition number="2" type="jump" coverage="100%"/>
									</conditions>
								</line>
							</lines>
						</method>
						<method name="balanceHTML" signature="(Ljava/lang/String;)Ljava/lang/String;" line-rate="0.625" branch-rate="0.5">
							<lines>
								<line number="263" hits="126" branch="true" condition-coverage="50% (1/2)">
									<conditions>
										<condition number="0" type="jump" coverage="50%"/>
									</conditions>
								</line>
								<line number="267" hits="126" branch="false"/>
								<line number="268" hits="126" branch="false"/>
								<line number="269" hits="126" branch="false"/>
								<line number="275" hits="0" branch="false"/>
								<line number="276" hits="0" branch="false"/>
								<line number="283" hits="0" branch="false"/>
								<line number="286" hits="126" branch="false"/>
							</lines>
						</method>
						<method name="checkEntity" signature="(Ljava/lang/String;Ljava/lang/String;)Ljava/lang/String;" line-rate="1.0" branch-rate="1.0">
							<lines>
								<line number="509" hits="34" branch="true" condition-coverage="100% (4/4)">
									<conditions>
										<condition number="0" type="jump" coverage="100%"/>
										<condition number="1" type="jump" coverage="100%"/>
									</conditions>
								</line>
							</lines>
						</method>
						<method name="checkTags" signature="(Ljava/lang/String;)Ljava/lang/String;" line-rate="1.0" branch-rate="1.0">
							<lines>
								<line number="290" hits="126" branch="false"/>
								<line number="292" hits="126" branch="false"/>
								<line number="293" hits="288" branch="true" condition-coverage="100% (2/2)">
									<conditions>
										<condition number="0" type="jump" coverage="100%"/>
									</conditions>
								</line>
								<line number="294" hits="162" branch="false"/>
								<line number="295" hits="162" branch="false"/>
								<line number="296" hits="162" branch="false"/>
								<line number="297" hits="162" branch="false"/>
								<line number="298" hits="126" branch="false"/>
								<line number="300" hits="126" branch="false"/>
								<line number="304" hits="126" branch="true" condition-coverage="100% (2/2)">
									<conditions>
										<condition number="0" type="jump" coverage="100%"/>
									</conditions>
								</line>
								<line number="305" hits="78" branch="true" condition-coverage="100% (2/2)">
									<conditions>
										<condition number="0" type="jump" coverage="100%"/>
									</conditions>
								</line>
								<line number="306" hits="30" branch="false"/>
								<line number="308" hits="48" branch="false"/>
								<line number="310" hits="126" branch="false"/>
							</lines>
						</method>
						<method name="chr" signature="(I)Ljava/lang/String;" line-rate="1.0" branch-rate="1.0">
							<lines>
								<line number="196" hits="2" branch="false"/>
							</lines>
						</method>
						<method name="debug" signature="(Ljava/lang/String;)V" line-rate="1.0" branch-rate="1.0">
							<lines>
								<line number="188" hits="1008" branch="true" condition-coverage="100% (2/2)">
									<conditions>
										<condition number="0" type="jump" coverage="100%"/>
									</conditions>
								</line>
								<line number="189" hits="992" branch="false"/>
								<line number="191" hits="1008" branch="false"/>
							</lines>
						</method>
						<method name="decodeEntities" signature="(Ljava/lang/String;)Ljava/lang/String;" line-rate="0.5862068965517241" branch-rate="0.5">
							<lines>
								<line number="440" hits="32" branch="false"/>
								<line number="442" hits="32" branch="false"/>
								<line number="443" hits="32" branch="true" condition-coverage="50% (1/2)">
									<conditions>
										<condition number="0" type="jump" coverage="50%"/>
									</conditions>
								</line>
								<line number="444" hits="0" branch="false"/>
								<line number="445" hits="0" branch="false"/>
								<line number="446" hits="0" branch="false"/>
								<line number="447" hits="0" branch="false"/>
								<line number="448" hits="32" branch="false"/>
								<line number="449" hits="32" branch="false"/>
								<line number="451" hits="32" branch="false"/>
								<line number="452" hits="32" branch="false"/>
								<line number="453" hits="32" branch="true" condition-coverage="50% (1/2)">
									<conditions>
										<condition number="0" type="jump" coverage="50%"/>
									</conditions>
								</line>
								<line number="454" hits="0" branch="false"/>
								<line number="455" hits="0" branch="false"/>
								<line number="456" hits="0" branch="false"/>
								<line number="457" hits="0" branch="false"/>
								<line number="458" hits="32" branch="false"/>
								<line number="459" hits="32" branch="false"/>
								<line number="461" hits="32" branch="false"/>
								<line number="462" hits="32" branch="false"/>
								<line number="463" hits="32" branch="true" condition-coverage="50% (1/2)">
									<conditions>
										<condition number="0" type="jump" coverage="50%"/>
									</conditions>
								</line>
								<line number="464" hits="0" branch="false"/>
								<line number="465" hits="0" branch="false"/>
								<line number="466" hits="0" branch="false"/>
								<line number="467" hits="0" branch="false"/>
								<line number="468" hits="32" branch="false"/>
								<line number="469" hits="32" branch="false"/>
								<line number="471" hits="32" branch="false"/>
								<line number="472" hits="32" branch="false"/>
							</lines>
						</method>
						<method name="encodeQuotes" signature="(Ljava/lang/String;)Ljava/lang/String;" line-rate="0.9166666666666666" branch-rate="0.75">
							<lines>
								<line number="491" hits="158" branch="true" condition-coverage="50% (1/2)">
									<conditions>
										<condition number="0" type="jump" coverage="50%"/>
									</conditions>
								</line>
								<line number="492" hits="158" branch="false"/>
								<line number="493" hits="158" branch="false"/>
								<line number="494" hits="258" branch="true" condition-coverage="100% (2/2)">
									<conditions>
										<condition number="0" type="jump" coverage="100%"/>
									</conditions>
								</line>
								<line number="495" hits="100" branch="false"/>
								<line number="496" hits="100" branch="false"/>
								<line number="497" hits="100" branch="false"/>
								<line number="498" hits="100" branch="false"/>
								<line number="499" hits="100" branch="false"/>
								<line number="500" hits="158" branch="false"/>
								<line number="501" hits="158" branch="false"/>
								<line number="503" hits="0" branch="false"/>
							</lines>
						</method>
						<method name="escapeComments" signature="(Ljava/lang/String;)Ljava/lang/String;" line-rate="1.0" branch-rate="1.0">
							<lines>
								<line number="251" hits="126" branch="false"/>
								<line number="252" hits="126" branch="false"/>
								<line number="253" hits="126" branch="true" condition-coverage="100% (2/2)">
									<conditions>
										<condition number="0" type="jump" coverage="100%"/>
									</conditions>
								</line>
								<line number="254" hits="2" branch="false"/>
								<line number="255" hits="2" branch="false"/>
								<line number="257" hits="126" branch="false"/>
								<line number="259" hits="126" branch="false"/>
							</lines>
						</method>
						<method name="filter" signature="(Ljava/lang/String;)Ljava/lang/String;" line-rate="1.0" branch-rate="1.0">
							<lines>
								<line number="217" hits="126" branch="false"/>
								<line number="218" hits="126" branch="false"/>
								<line number="220" hits="126" branch="false"/>
								<line number="221" hits="126" branch="false"/>
								<line number="223" hits="126" branch="false"/>
								<line number="224" hits="126" branch="false"/>
								<line number="226" hits="126" branch="false"/>
								<line number="227" hits="126" branch="false"/>
								<line number="229" hits="126" branch="false"/>
								<line number="230" hits="126" branch="false"/>
								<line number="232" hits="126" branch="false"/>
								<line number="233" hits="126" branch="false"/>
								<line number="235" hits="126" branch="false"/>
								<line number="236" hits="126" branch="false"/>
								<line number="238" hits="126" branch="false"/>
								<line number="239" hits="126" branch="false"/>
							</lines>
						</method>
						<method name="htmlSpecialChars" signature="(Ljava/lang/String;)Ljava/lang/String;" line-rate="1.0" branch-rate="1.0">
							<lines>
								<line number="200" hits="2" branch="false"/>
								<line number="201" hits="2" branch="false"/>
								<line number="202" hits="2" branch="false"/>
								<line number="203" hits="2" branch="false"/>
								<line number="204" hits="2" branch="false"/>
								<line number="205" hits="2" branch="false"/>
							</lines>
						</method>
						<method name="inArray" signature="(Ljava/lang/String;[Ljava/lang/String;)Z" line-rate="1.0" branch-rate="0.8333333333333334">
							<lines>
								<line number="519" hits="750" branch="true" condition-coverage="100% (2/2)">
									<conditions>
										<condition number="0" type="jump" coverage="100%"/>
									</conditions>
								</line>
								<line number="520" hits="480" branch="true" condition-coverage="75% (3/4)">
									<conditions>
										<condition number="0" type="jump" coverage="50%"/>
										<condition number="1" type="jump" coverage="100%"/>
									</conditions>
								</line>
								<line number="521" hits="130" branch="false"/>
								<line number="524" hits="270" branch="false"/>
							</lines>
						</method>
						<method name="isAlwaysMakeTags" signature="()Z" line-rate="1.0" branch-rate="1.0">
							<lines>
								<line number="243" hits="4" branch="false"/>
							</lines>
						</method>
						<method name="isStripComments" signature="()Z" line-rate="1.0" branch-rate="1.0">
							<lines>
								<line number="247" hits="2" branch="false"/>
							</lines>
						</method>
						<method name="isValidEntity" signature="(Ljava/lang/String;)Z" line-rate="1.0" branch-rate="1.0">
							<lines>
								<line number="515" hits="32" branch="false"/>
							</lines>
						</method>
						<method name="processParamProtocol" signature="(Ljava/lang/String;)Ljava/lang/String;" line-rate="0.8888888888888888" branch-rate="0.8333333333333334">
							<lines>
								<line number="423" hits="32" branch="false"/>
								<line number="424" hits="32" branch="false"/>
								<line number="425" hits="32" branch="true" condition-coverage="100% (2/2)">
									<conditions>
										<condition number="0" type="jump" coverage="100%"/>
									</conditions>
								</line>
								<line number="426" hits="20" branch="false"/>
								<line number="427" hits="20" branch="true" condition-coverage="100% (2/2)">
									<conditions>
										<condition number="0" type="jump" coverage="100%"/>
									</conditions>
								</line>
								<line number="429" hits="16" branch="false"/>
								<line number="430" hits="16" branch="true" condition-coverage="50% (1/2)">
									<conditions>
										<condition number="0" type="jump" coverage="50%"/>
									</conditions>
								</line>
								<line number="431" hits="0" branch="false"/>
								<line number="436" hits="32" branch="false"/>
							</lines>
						</method>
						<method name="processRemoveBlanks" signature="(Ljava/lang/String;)Ljava/lang/String;" line-rate="1.0" branch-rate="1.0">
							<lines>
								<line number="314" hits="126" branch="false"/>
								<line number="315" hits="756" branch="true" condition-coverage="100% (2/2)">
									<conditions>
										<condition number="0" type="jump" coverage="100%"/>
									</conditions>
								</line>
								<line number="316" hits="630" branch="true" condition-coverage="100% (2/2)">
									<conditions>
										<condition number="0" type="jump" coverage="100%"/>
									</conditions>
								</line>
								<line number="317" hits="10" branch="false"/>
								<line number="319" hits="630" branch="false"/>
								<line number="320" hits="630" branch="true" condition-coverage="100% (2/2)">
									<conditions>
										<condition number="0" type="jump" coverage="100%"/>
									</conditions>
								</line>
								<line number="321" hits="10" branch="false"/>
								<line number="323" hits="630" branch="false"/>
								<line number="326" hits="126" branch="false"/>
							</lines>
						</method>
						<method name="processTag" signature="(Ljava/lang/String;)Ljava/lang/String;" line-rate="0.9787234042553191" branch-rate="0.8611111111111112">
							<lines>
								<line number="336" hits="162" branch="false"/>
								<line number="337" hits="162" branch="true" condition-coverage="100% (2/2)">
									<conditions>
										<condition number="0" type="jump" coverage="100%"/>
									</conditions>
								</line>
								<line number="338" hits="32" branch="false"/>
								<line number="339" hits="32" branch="true" condition-coverage="100% (2/2)">
									<conditions>
										<condition number="0" type="jump" coverage="100%"/>
									</conditions>
								</line>
								<line number="340" hits="30" branch="true" condition-coverage="100% (2/2)">
									<conditions>
										<condition number="0" type="jump" coverage="100%"/>
									</conditions>
								</line>
								<line number="341" hits="26" branch="true" condition-coverage="100% (2/2)">
									<conditions>
										<condition number="0" type="jump" coverage="100%"/>
									</conditions>
								</line>
								<line number="342" hits="22" branch="false"/>
								<line number="343" hits="22" branch="false"/>
								<line number="350" hits="140" branch="false"/>
								<line number="351" hits="140" branch="true" condition-coverage="100% (2/2)">
									<conditions>
										<condition number="0" type="jump" coverage="100%"/>
									</conditions>
								</line>
								<line number="352" hits="108" branch="false"/>
								<line number="353" hits="108" branch="false"/>
								<line number="354" hits="108" branch="false"/>
								<line number="357" hits="108" branch="true" condition-coverage="100% (2/2)">
									<conditions>
										<condition number="0" type="jump" coverage="100%"/>
									</conditions>
								</line>
								<line number="358" hits="74" branch="false"/>
								<line number="360" hits="74" branch="false"/>
								<line number="361" hits="74" branch="false"/>
								<line number="362" hits="74" branch="false"/>
								<line number="363" hits="74" branch="false"/>
								<line number="364" hits="102" branch="true" condition-coverage="100% (2/2)">
									<conditions>
										<condition number="0" type="jump" coverage="100%"/>
									</conditions>
								</line>
								<line number="365" hits="28" branch="false"/>
								<line number="366" hits="28" branch="false"/>
								<line number="368" hits="80" branch="true" condition-coverage="100% (2/2)">
									<conditions>
										<condition number="0" type="jump" coverage="100%"/>
									</conditions>
								</line>
								<line number="369" hits="6" branch="false"/>
								<line number="370" hits="6" branch="false"/>
								<line number="374" hits="108" branch="true" condition-coverage="100% (2/2)">
									<conditions>
										<condition number="0" type="jump" coverage="100%"/>
									</conditions>
								</line>
								<line number="375" hits="34" branch="false"/>
								<line number="376" hits="34" branch="false"/>
								<line number="382" hits="34" branch="true" condition-coverage="100% (2/2)">
									<conditions>
										<condition number="0" type="jump" coverage="100%"/>
									</conditions>
								</line>
								<line number="383" hits="32" branch="true" condition-coverage="50% (1/2)">
									<conditions>
										<condition number="0" type="jump" coverage="50%"/>
									</conditions>
								</line>
								<line number="384" hits="32" branch="false"/>
								<line number="386" hits="32" branch="false"/>
								<line number="390" hits="74" branch="true" condition-coverage="100% (2/2)">
									<conditions>
										<condition number="0" type="jump" coverage="100%"/>
									</conditions>
								</line>
								<line number="391" hits="22" branch="false"/>
								<line number="394" hits="74" branch="true" condition-coverage="100% (2/2)">
									<conditions>
										<condition number="0" type="jump" coverage="100%"/>
									</conditions>
								</line>
								<line number="395" hits="52" branch="false"/>
								<line number="398" hits="74" branch="true" condition-coverage="75% (3/4)">
									<conditions>
										<condition number="0" type="jump" coverage="50%"/>
										<condition number="1" type="jump" coverage="100%"/>
									</conditions>
								</line>
								<line number="399" hits="52" branch="true" condition-coverage="100% (2/2)">
									<conditions>
										<condition number="0" type="jump" coverage="100%"/>
									</conditions>
								</line>
								<line number="400" hits="4" branch="false"/>
								<line number="402" hits="48" branch="false"/>
								<line number="405" hits="22" branch="false"/>
								<line number="407" hits="74" branch="false"/>
								<line number="409" hits="34" branch="false"/>
								<line number="414" hits="32" branch="false"/>
								<line number="415" hits="32" branch="true" condition-coverage="25% (1/4)">
									<conditions>
										<condition number="0" type="jump" coverage="50%"/>
										<condition number="1" type="jump" coverage="0%"/>
									</conditions>
								</line>
								<line number="416" hits="0" branch="false"/>
								<line number="419" hits="32" branch="false"/>
							</lines>
						</method>
						<method name="regexReplace" signature="(Ljava/util/regex/Pattern;Ljava/lang/String;Ljava/lang/String;)Ljava/lang/String;" line-rate="1.0" branch-rate="1.0">
							<lines>
								<line number="330" hits="1746" branch="false"/>
								<line number="331" hits="1746" branch="false"/>
							</lines>
						</method>
						<method name="reset" signature="()V" line-rate="1.0" branch-rate="1.0">
							<lines>
								<line number="184" hits="126" branch="false"/>
								<line number="185" hits="126" branch="false"/>
							</lines>
						</method>
						<method name="validateEntities" signature="(Ljava/lang/String;)Ljava/lang/String;" line-rate="1.0" branch-rate="1.0">
							<lines>
								<line number="476" hits="158" branch="false"/>
								<line number="479" hits="158" branch="false"/>
								<line number="480" hits="192" branch="true" condition-coverage="100% (2/2)">
									<conditions>
										<condition number="0" type="jump" coverage="100%"/>
									</conditions>
								</line>
								<line number="481" hits="34" branch="false"/>
								<line number="482" hits="34" branch="false"/>
								<line number="483" hits="34" branch="false"/>
								<line number="484" hits="34" branch="false"/>
								<line number="485" hits="158" branch="false"/>
								<line number="487" hits="158" branch="false"/>
							</lines>
						</method>
					</methods>
					<lines>
						<line number="47" hits="2" branch="false"/>
						<line number="51" hits="2" branch="false"/>
						<line number="52" hits="2" branch="false"/>
						<line number="53" hits="2" branch="false"/>
						<line number="54" hits="2" branch="false"/>
						<line number="55" hits="2" branch="false"/>
						<line number="56" hits="2" branch="false"/>
						<line number="57" hits="2" branch="false"/>
						<line number="58" hits="2" branch="false"/>
						<line number="59" hits="2" branch="false"/>
						<line number="60" hits="2" branch="false"/>
						<line number="61" hits="2" branch="false"/>
						<line number="62" hits="2" branch="false"/>
						<line number="63" hits="2" branch="false"/>
						<line number="64" hits="2" branch="false"/>
						<line number="65" hits="2" branch="false"/>
						<line number="66" hits="2" branch="false"/>
						<line number="67" hits="2" branch="false"/>
						<line number="68" hits="2" branch="false"/>
						<line number="69" hits="2" branch="false"/>
						<line number="70" hits="2" branch="false"/>
						<line number="71" hits="2" branch="false"/>
						<line number="72" hits="2" branch="false"/>
						<line number="73" hits="2" branch="false"/>
						<line number="76" hits="2" branch="false"/>
						<line number="77" hits="2" branch="false"/>
						<line number="82" hits="26" branch="false"/>
						<line number="101" hits="26" branch="false"/>
						<line number="112" hits="24" branch="false"/>
						<line number="113" hits="24" branch="false"/>
						<line number="115" hits="24" branch="false"/>
						<line number="116" hits="24" branch="false"/>
						<line number="117" hits="24" branch="false"/>
						<line number="118" hits="24" branch="false"/>
						<line number="120" hits="24" branch="false"/>
						<line number="121" hits="24" branch="false"/>
						<line number="122" hits="24" branch="false"/>
						<line number="123" hits="24" branch="false"/>
						<line number="124" hits="24" branch="false"/>
						<line number="125" hits="24" branch="false"/>
						<line number="127" hits="24" branch="false"/>
						<line number="128" hits="24" branch="false"/>
						<line number="129" hits="24" branch="false"/>
						<line number="130" hits="24" branch="false"/>
						<line number="131" hits="24" branch="false"/>
						<line number="133" hits="24" branch="false"/>
						<line number="134" hits="24" branch="false"/>
						<line number="135" hits="24" branch="false"/>
						<line number="136" hits="24" branch="false"/>
						<line number="137" hits="24" branch="false"/>
						<line number="138" hits="24" branch="false"/>
						<line number="139" hits="24" branch="false"/>
						<line number="140" hits="24" branch="false"/>
						<line number="141" hits="24" branch="false"/>
						<line number="142" hits="24" branch="false"/>
						<line number="143" hits="24" branch="false"/>
						<line number="150" hits="24" branch="false"/>
						<line number="151" hits="24" branch="false"/>
						<line number="153" hits="24" branch="false"/>
						<line number="159" hits="2" branch="false"/>
						<line number="161" hits="2" branch="true" condition-coverage="50% (2/4)">
							<conditions>
								<condition number="0" type="jump" coverage="50%"/>
								<condition number="1" type="jump" coverage="50%"/>
							</conditions>
						</line>
						<line number="162" hits="2" branch="true" condition-coverage="50% (2/4)">
							<conditions>
								<condition number="0" type="jump" coverage="50%"/>
								<condition number="1" type="jump" coverage="50%"/>
							</conditions>
						</line>
						<line number="163" hits="2" branch="true" condition-coverage="50% (2/4)">
							<conditions>
								<condition number="0" type="jump" coverage="50%"/>
								<condition number="1" type="jump" coverage="50%"/>
							</conditions>
						</line>
						<line number="164" hits="2" branch="true" condition-coverage="50% (2/4)">
							<conditions>
								<condition number="0" type="jump" coverage="50%"/>
								<condition number="1" type="jump" coverage="50%"/>
							</conditions>
						</line>
						<line number="165" hits="2" branch="true" condition-coverage="50% (2/4)">
							<conditions>
								<condition number="0" type="jump" coverage="50%"/>
								<condition number="1" type="jump" coverage="50%"/>
							</conditions>
						</line>
						<line number="166" hits="2" branch="true" condition-coverage="50% (2/4)">
							<conditions>
								<condition number="0" type="jump" coverage="50%"/>
								<condition number="1" type="jump" coverage="50%"/>
							</conditions>
						</line>
						<line number="167" hits="2" branch="true" condition-coverage="50% (2/4)">
							<conditions>
								<condition number="0" type="jump" coverage="50%"/>
								<condition number="1" type="jump" coverage="50%"/>
							</conditions>
						</line>
						<line number="168" hits="2" branch="true" condition-coverage="50% (2/4)">
							<conditions>
								<condition number="0" type="jump" coverage="50%"/>
								<condition number="1" type="jump" coverage="50%"/>
							</conditions>
						</line>
						<line number="170" hits="2" branch="false"/>
						<line number="171" hits="2" branch="false"/>
						<line number="172" hits="2" branch="false"/>
						<line number="173" hits="2" branch="false"/>
						<line number="174" hits="2" branch="false"/>
						<line number="175" hits="2" branch="false"/>
						<line number="176" hits="2" branch="false"/>
						<line number="177" hits="2" branch="false"/>
						<line number="178" hits="2" branch="true" condition-coverage="50% (1/2)">
							<conditions>
								<condition number="0" type="jump" coverage="50%"/>
							</conditions>
						</line>
						<line number="179" hits="2" branch="true" condition-coverage="50% (1/2)">
							<conditions>
								<condition number="0" type="jump" coverage="50%"/>
							</conditions>
						</line>
						<line number="180" hits="2" branch="true" condition-coverage="50% (1/2)">
							<conditions>
								<condition number="0" type="jump" coverage="50%"/>
							</conditions>
						</line>
						<line number="181" hits="2" branch="false"/>
						<line number="184" hits="126" branch="false"/>
						<line number="185" hits="126" branch="false"/>
						<line number="188" hits="1008" branch="true" condition-coverage="100% (2/2)">
							<conditions>
								<condition number="0" type="jump" coverage="100%"/>
							</conditions>
						</line>
						<line number="189" hits="992" branch="false"/>
						<line number="191" hits="1008" branch="false"/>
						<line number="196" hits="2" branch="false"/>
						<line number="200" hits="2" branch="false"/>
						<line number="201" hits="2" branch="false"/>
						<line number="202" hits="2" branch="false"/>
						<line number="203" hits="2" branch="false"/>
						<line number="204" hits="2" branch="false"/>
						<line number="205" hits="2" branch="false"/>
						<line number="217" hits="126" branch="false"/>
						<line number="218" hits="126" branch="false"/>
						<line number="220" hits="126" branch="false"/>
						<line number="221" hits="126" branch="false"/>
						<line number="223" hits="126" branch="false"/>
						<line number="224" hits="126" branch="false"/>
						<line number="226" hits="126" branch="false"/>
						<line number="227" hits="126" branch="false"/>
						<line number="229" hits="126" branch="false"/>
						<line number="230" hits="126" branch="false"/>
						<line number="232" hits="126" branch="false"/>
						<line number="233" hits="126" branch="false"/>
						<line number="235" hits="126" branch="false"/>
						<line number="236" hits="126" branch="false"/>
						<line number="238" hits="126" branch="false"/>
						<line number="239" hits="126" branch="false"/>
						<line number="243" hits="4" branch="false"/>
						<line number="247" hits="2" branch="false"/>
						<line number="251" hits="126" branch="false"/>
						<line number="252" hits="126" branch="false"/>
						<line number="253" hits="126" branch="true" condition-coverage="100% (2/2)">
							<conditions>
								<condition number="0" type="jump" coverage="100%"/>
							</conditions>
						</line>
						<line number="254" hits="2" branch="false"/>
						<line number="255" hits="2" branch="false"/>
						<line number="257" hits="126" branch="false"/>
						<line number="259" hits="126" branch="false"/>
						<line number="263" hits="126" branch="true" condition-coverage="50% (1/2)">
							<conditions>
								<condition number="0" type="jump" coverage="50%"/>
							</conditions>
						</line>
						<line number="267" hits="126" branch="false"/>
						<line number="268" hits="126" branch="false"/>
						<line number="269" hits="126" branch="false"/>
						<line number="275" hits="0" branch="false"/>
						<line number="276" hits="0" branch="false"/>
						<line number="283" hits="0" branch="false"/>
						<line number="286" hits="126" branch="false"/>
						<line number="290" hits="126" branch="false"/>
						<line number="292" hits="126" branch="false"/>
						<line number="293" hits="288" branch="true" condition-coverage="100% (2/2)">
							<conditions>
								<condition number="0" type="jump" coverage="100%"/>
							</conditions>
						</line>
						<line number="294" hits="162" branch="false"/>
						<line number="295" hits="162" branch="false"/>
						<line number="296" hits="162" branch="false"/>
						<line number="297" hits="162" branch="false"/>
						<line number="298" hits="126" branch="false"/>
						<line number="300" hits="126" branch="false"/>
						<line number="304" hits="126" branch="true" condition-coverage="100% (2/2)">
							<conditions>
								<condition number="0" type="jump" coverage="100%"/>
							</conditions>
						</line>
						<line number="305" hits="78" branch="true" condition-coverage="100% (2/2)">
							<conditions>
								<condition number="0" type="jump" coverage="100%"/>
							</conditions>
						</line>
						<line number="306" hits="30" branch="false"/>
						<line number="308" hits="48" branch="false"/>
						<line number="310" hits="126" branch="false"/>
						<line number="314" hits="126" branch="false"/>
						<line number="315" hits="756" branch="true" condition-coverage="100% (2/2)">
							<conditions>
								<condition number="0" type="jump" coverage="100%"/>
							</conditions>
						</line>
						<line number="316" hits="630" branch="true" condition-coverage="100% (2/2)">
							<conditions>
								<condition number="0" type="jump" coverage="100%"/>
							</conditions>
						</line>
						<line number="317" hits="10" branch="false"/>
						<line number="319" hits="630" branch="false"/>
						<line number="320" hits="630" branch="true" condition-coverage="100% (2/2)">
							<conditions>
								<condition number="0" type="jump" coverage="100%"/>
							</conditions>
						</line>
						<line number="321" hits="10" branch="false"/>
						<line number="323" hits="630" branch="false"/>
						<line number="326" hits="126" branch="false"/>
						<line number="330" hits="1746" branch="false"/>
						<line number="331" hits="1746" branch="false"/>
						<line number="336" hits="162" branch="false"/>
						<line number="337" hits="162" branch="true" condition-coverage="100% (2/2)">
							<conditions>
								<condition number="0" type="jump" coverage="100%"/>
							</conditions>
						</line>
						<line number="338" hits="32" branch="false"/>
						<line number="339" hits="32" branch="true" condition-coverage="100% (2/2)">
							<conditions>
								<condition number="0" type="jump" coverage="100%"/>
							</conditions>
						</line>
						<line number="340" hits="30" branch="true" condition-coverage="100% (2/2)">
							<conditions>
								<condition number="0" type="jump" coverage="100%"/>
							</conditions>
						</line>
						<line number="341" hits="26" branch="true" condition-coverage="100% (2/2)">
							<conditions>
								<condition number="0" type="jump" coverage="100%"/>
							</conditions>
						</line>
						<line number="342" hits="22" branch="false"/>
						<line number="343" hits="22" branch="false"/>
						<line number="350" hits="140" branch="false"/>
						<line number="351" hits="140" branch="true" condition-coverage="100% (2/2)">
							<conditions>
								<condition number="0" type="jump" coverage="100%"/>
							</conditions>
						</line>
						<line number="352" hits="108" branch="false"/>
						<line number="353" hits="108" branch="false"/>
						<line number="354" hits="108" branch="false"/>
						<line number="357" hits="108" branch="true" condition-coverage="100% (2/2)">
							<conditions>
								<condition number="0" type="jump" coverage="100%"/>
							</conditions>
						</line>
						<line number="358" hits="74" branch="false"/>
						<line number="360" hits="74" branch="false"/>
						<line number="361" hits="74" branch="false"/>
						<line number="362" hits="74" branch="false"/>
						<line number="363" hits="74" branch="false"/>
						<line number="364" hits="102" branch="true" condition-coverage="100% (2/2)">
							<conditions>
								<condition number="0" type="jump" coverage="100%"/>
							</conditions>
						</line>
						<line number="365" hits="28" branch="false"/>
						<line number="366" hits="28" branch="false"/>
						<line number="368" hits="80" branch="true" condition-coverage="100% (2/2)">
							<conditions>
								<condition number="0" type="jump" coverage="100%"/>
							</conditions>
						</line>
						<line number="369" hits="6" branch="false"/>
						<line number="370" hits="6" branch="false"/>
						<line number="374" hits="108" branch="true" condition-coverage="100% (2/2)">
							<conditions>
								<condition number="0" type="jump" coverage="100%"/>
							</conditions>
						</line>
						<line number="375" hits="34" branch="false"/>
						<line number="376" hits="34" branch="false"/>
						<line number="382" hits="34" branch="true" condition-coverage="100% (2/2)">
							<conditions>
								<condition number="0" type="jump" coverage="100%"/>
							</conditions>
						</line>
						<line number="383" hits="32" branch="true" condition-coverage="50% (1/2)">
							<conditions>
								<condition number="0" type="jump" coverage="50%"/>
							</conditions>
						</line>
						<line number="384" hits="32" branch="false"/>
						<line number="386" hits="32" branch="false"/>
						<line number="390" hits="74" branch="true" condition-coverage="100% (2/2)">
							<conditions>
								<condition number="0" type="jump" coverage="100%"/>
							</conditions>
						</line>
						<line number="391" hits="22" branch="false"/>
						<line number="394" hits="74" branch="true" condition-coverage="100% (2/2)">
							<conditions>
								<condition number="0" type="jump" coverage="100%"/>
							</conditions>
						</line>
						<line number="395" hits="52" branch="false"/>
						<line number="398" hits="74" branch="true" condition-coverage="75% (3/4)">
							<conditions>
								<condition number="0" type="jump" coverage="50%"/>
								<condition number="1" type="jump" coverage="100%"/>
							</conditions>
						</line>
						<line number="399" hits="52" branch="true" condition-coverage="100% (2/2)">
							<conditions>
								<condition number="0" type="jump" coverage="100%"/>
							</conditions>
						</line>
						<line number="400" hits="4" branch="false"/>
						<line number="402" hits="48" branch="false"/>
						<line number="405" hits="22" branch="false"/>
						<line number="407" hits="74" branch="false"/>
						<line number="409" hits="34" branch="false"/>
						<line number="414" hits="32" branch="false"/>
						<line number="415" hits="32" branch="true" condition-coverage="25% (1/4)">
							<conditions>
								<condition number="0" type="jump" coverage="50%"/>
								<condition number="1" type="jump" coverage="0%"/>
							</conditions>
						</line>
						<line number="416" hits="0" branch="false"/>
						<line number="419" hits="32" branch="false"/>
						<line number="423" hits="32" branch="false"/>
						<line number="424" hits="32" branch="false"/>
						<line number="425" hits="32" branch="true" condition-coverage="100% (2/2)">
							<conditions>
								<condition number="0" type="jump" coverage="100%"/>
							</conditions>
						</line>
						<line number="426" hits="20" branch="false"/>
						<line number="427" hits="20" branch="true" condition-coverage="100% (2/2)">
							<conditions>
								<condition number="0" type="jump" coverage="100%"/>
							</conditions>
						</line>
						<line number="429" hits="16" branch="false"/>
						<line number="430" hits="16" branch="true" condition-coverage="50% (1/2)">
							<conditions>
								<condition number="0" type="jump" coverage="50%"/>
							</conditions>
						</line>
						<line number="431" hits="0" branch="false"/>
						<line number="436" hits="32" branch="false"/>
						<line number="440" hits="32" branch="false"/>
						<line number="442" hits="32" branch="false"/>
						<line number="443" hits="32" branch="true" condition-coverage="50% (1/2)">
							<conditions>
								<condition number="0" type="jump" coverage="50%"/>
							</conditions>
						</line>
						<line number="444" hits="0" branch="false"/>
						<line number="445" hits="0" branch="false"/>
						<line number="446" hits="0" branch="false"/>
						<line number="447" hits="0" branch="false"/>
						<line number="448" hits="32" branch="false"/>
						<line number="449" hits="32" branch="false"/>
						<line number="451" hits="32" branch="false"/>
						<line number="452" hits="32" branch="false"/>
						<line number="453" hits="32" branch="true" condition-coverage="50% (1/2)">
							<conditions>
								<condition number="0" type="jump" coverage="50%"/>
							</conditions>
						</line>
						<line number="454" hits="0" branch="false"/>
						<line number="455" hits="0" branch="false"/>
						<line number="456" hits="0" branch="false"/>
						<line number="457" hits="0" branch="false"/>
						<line number="458" hits="32" branch="false"/>
						<line number="459" hits="32" branch="false"/>
						<line number="461" hits="32" branch="false"/>
						<line number="462" hits="32" branch="false"/>
						<line number="463" hits="32" branch="true" condition-coverage="50% (1/2)">
							<conditions>
								<condition number="0" type="jump" coverage="50%"/>
							</conditions>
						</line>
						<line number="464" hits="0" branch="false"/>
						<line number="465" hits="0" branch="false"/>
						<line number="466" hits="0" branch="false"/>
						<line number="467" hits="0" branch="false"/>
						<line number="468" hits="32" branch="false"/>
						<line number="469" hits="32" branch="false"/>
						<line number="471" hits="32" branch="false"/>
						<line number="472" hits="32" branch="false"/>
						<line number="476" hits="158" branch="false"/>
						<line number="479" hits="158" branch="false"/>
						<line number="480" hits="192" branch="true" condition-coverage="100% (2/2)">
							<conditions>
								<condition number="0" type="jump" coverage="100%"/>
							</conditions>
						</line>
						<line number="481" hits="34" branch="false"/>
						<line number="482" hits="34" branch="false"/>
						<line number="483" hits="34" branch="false"/>
						<line number="484" hits="34" branch="false"/>
						<line number="485" hits="158" branch="false"/>
						<line number="487" hits="158" branch="false"/>
						<line number="491" hits="158" branch="true" condition-coverage="50% (1/2)">
							<conditions>
								<condition number="0" type="jump" coverage="50%"/>
							</conditions>
						</line>
						<line number="492" hits="158" branch="false"/>
						<line number="493" hits="158" branch="false"/>
						<line number="494" hits="258" branch="true" condition-coverage="100% (2/2)">
							<conditions>
								<condition number="0" type="jump" coverage="100%"/>
							</conditions>
						</line>
						<line number="495" hits="100" branch="false"/>
						<line number="496" hits="100" branch="false"/>
						<line number="497" hits="100" branch="false"/>
						<line number="498" hits="100" branch="false"/>
						<line number="499" hits="100" branch="false"/>
						<line number="500" hits="158" branch="false"/>
						<line number="501" hits="158" branch="false"/>
						<line number="503" hits="0" branch="false"/>
						<line number="509" hits="34" branch="true" condition-coverage="100% (4/4)">
							<conditions>
								<condition number="0" type="jump" coverage="100%"/>
								<condition number="1" type="jump" coverage="100%"/>
							</conditions>
						</line>
						<line number="515" hits="32" branch="false"/>
						<line number="519" hits="750" branch="true" condition-coverage="100% (2/2)">
							<conditions>
								<condition number="0" type="jump" coverage="100%"/>
							</conditions>
						</line>
						<line number="520" hits="480" branch="true" condition-coverage="75% (3/4)">
							<conditions>
								<condition number="0" type="jump" coverage="50%"/>
								<condition number="1" type="jump" coverage="100%"/>
							</conditions>
						</line>
						<line number="521" hits="130" branch="false"/>
						<line number="524" hits="270" branch="false"/>
						<line number="528" hits="174" branch="true" condition-coverage="66% (4/6)">
							<conditions>
								<condition number="0" type="jump" coverage="50%"/>
								<condition number="1" type="jump" coverage="100%"/>
								<condition number="2" type="jump" coverage="50%"/>
							</conditions>
						</line>
						<line number="532" hits="34" branch="true" condition-coverage="66% (4/6)">
							<conditions>
								<condition number="0" type="jump" coverage="50%"/>
								<condition number="1" type="jump" coverage="50%"/>
								<condition number="2" type="jump" coverage="100%"/>
							</conditions>
						</line>
					</lines>
				</class>
			</classes>
		</package>
	</packages>
</coverage>
